CRITICAL - 2021-06-16 00:04:15 --> Call to undefined function lan()
#0 /home/bcoinbdtask/public_html/nishue_main/system/View/View.php(246): include()
#1 /home/bcoinbdtask/public_html/nishue_main/system/Common.php(1119): CodeIgniter\View\View->render('App\\Modules\\Com...', Array, true)
#2 /home/bcoinbdtask/public_html/nishue_main/app/Libraries/Template.php(33): view('App\\Modules\\Com...', Array)
#3 /home/bcoinbdtask/public_html/nishue_main/app/Modules/Common/Controllers/Admin/Autoupdate.php(69): App\Libraries\Template->admin_layout(Array)
#4 /home/bcoinbdtask/public_html/nishue_main/system/CodeIgniter.php(926): App\Modules\Common\Controllers\Admin\Autoupdate->index()
#5 /home/bcoinbdtask/public_html/nishue_main/system/CodeIgniter.php(412): CodeIgniter\CodeIgniter->runController(Object(App\Modules\Common\Controllers\Admin\Autoupdate))
#6 /home/bcoinbdtask/public_html/nishue_main/system/CodeIgniter.php(320): CodeIgniter\CodeIgniter->handleRequest(NULL, Object(Config\Cache), false)
#7 /home/bcoinbdtask/public_html/nishue_main/index.php(64): CodeIgniter\CodeIgniter->run()
#8 {main}
CRITICAL - 2021-06-16 00:05:29 --> Call to undefined function lan()
#0 /home/bcoinbdtask/public_html/nishue_main/system/View/View.php(246): include()
#1 /home/bcoinbdtask/public_html/nishue_main/system/Common.php(1119): CodeIgniter\View\View->render('App\\Modules\\Com...', Array, true)
#2 /home/bcoinbdtask/public_html/nishue_main/app/Libraries/Template.php(33): view('App\\Modules\\Com...', Array)
#3 /home/bcoinbdtask/public_html/nishue_main/app/Modules/Common/Controllers/Admin/Autoupdate.php(69): App\Libraries\Template->admin_layout(Array)
#4 /home/bcoinbdtask/public_html/nishue_main/system/CodeIgniter.php(926): App\Modules\Common\Controllers\Admin\Autoupdate->index()
#5 /home/bcoinbdtask/public_html/nishue_main/system/CodeIgniter.php(412): CodeIgniter\CodeIgniter->runController(Object(App\Modules\Common\Controllers\Admin\Autoupdate))
#6 /home/bcoinbdtask/public_html/nishue_main/system/CodeIgniter.php(320): CodeIgniter\CodeIgniter->handleRequest(NULL, Object(Config\Cache), false)
#7 /home/bcoinbdtask/public_html/nishue_main/index.php(64): CodeIgniter\CodeIgniter->run()
#8 {main}
CRITICAL - 2021-06-16 00:18:11 --> Undefined variable: max_version
#0 /home/bcoinbdtask/public_html/nishue_main/app/Views/admin/header.php(26): CodeIgniter\Debug\Exceptions->errorHandler(8, 'Undefined varia...', '/home/bcoinbdta...', 26, Array)
#1 /home/bcoinbdtask/public_html/nishue_main/system/View/View.php(246): include('/home/bcoinbdta...')
#2 /home/bcoinbdtask/public_html/nishue_main/system/Common.php(1119): CodeIgniter\View\View->render('admin/header', Array, true)
#3 /home/bcoinbdtask/public_html/nishue_main/app/Libraries/Template.php(31): view('admin/header', Array)
#4 /home/bcoinbdtask/public_html/nishue_main/app/Modules/Common/Controllers/Admin/Autoupdate.php(69): App\Libraries\Template->admin_layout(Array)
#5 /home/bcoinbdtask/public_html/nishue_main/system/CodeIgniter.php(926): App\Modules\Common\Controllers\Admin\Autoupdate->index()
#6 /home/bcoinbdtask/public_html/nishue_main/system/CodeIgniter.php(412): CodeIgniter\CodeIgniter->runController(Object(App\Modules\Common\Controllers\Admin\Autoupdate))
#7 /home/bcoinbdtask/public_html/nishue_main/system/CodeIgniter.php(320): CodeIgniter\CodeIgniter->handleRequest(NULL, Object(Config\Cache), false)
#8 /home/bcoinbdtask/public_html/nishue_main/index.php(64): CodeIgniter\CodeIgniter->run()
#9 {main}
CRITICAL - 2021-06-16 00:19:02 --> Undefined variable: current_version
#0 /home/bcoinbdtask/public_html/nishue_main/app/Views/admin/header.php(26): CodeIgniter\Debug\Exceptions->errorHandler(8, 'Undefined varia...', '/home/bcoinbdta...', 26, Array)
#1 /home/bcoinbdtask/public_html/nishue_main/system/View/View.php(246): include('/home/bcoinbdta...')
#2 /home/bcoinbdtask/public_html/nishue_main/system/Common.php(1119): CodeIgniter\View\View->render('admin/header', Array, true)
#3 /home/bcoinbdtask/public_html/nishue_main/app/Libraries/Template.php(31): view('admin/header', Array)
#4 /home/bcoinbdtask/public_html/nishue_main/app/Modules/Finance/Controllers/Admin/Credit.php(36): App\Libraries\Template->admin_layout(Array)
#5 /home/bcoinbdtask/public_html/nishue_main/system/CodeIgniter.php(926): App\Modules\Finance\Controllers\Admin\Credit->add_credit()
#6 /home/bcoinbdtask/public_html/nishue_main/system/CodeIgniter.php(412): CodeIgniter\CodeIgniter->runController(Object(App\Modules\Finance\Controllers\Admin\Credit))
#7 /home/bcoinbdtask/public_html/nishue_main/system/CodeIgniter.php(320): CodeIgniter\CodeIgniter->handleRequest(NULL, Object(Config\Cache), false)
#8 /home/bcoinbdtask/public_html/nishue_main/index.php(64): CodeIgniter\CodeIgniter->run()
#9 {main}
CRITICAL - 2021-06-16 00:19:43 --> Undefined variable: current_version
#0 /home/bcoinbdtask/public_html/nishue_main/app/Views/admin/header.php(26): CodeIgniter\Debug\Exceptions->errorHandler(8, 'Undefined varia...', '/home/bcoinbdta...', 26, Array)
#1 /home/bcoinbdtask/public_html/nishue_main/system/View/View.php(246): include('/home/bcoinbdta...')
#2 /home/bcoinbdtask/public_html/nishue_main/system/Common.php(1119): CodeIgniter\View\View->render('admin/header', Array, true)
#3 /home/bcoinbdtask/public_html/nishue_main/app/Libraries/Template.php(31): view('admin/header', Array)
#4 /home/bcoinbdtask/public_html/nishue_main/app/Modules/Finance/Controllers/Admin/Credit.php(36): App\Libraries\Template->admin_layout(Array)
#5 /home/bcoinbdtask/public_html/nishue_main/system/CodeIgniter.php(926): App\Modules\Finance\Controllers\Admin\Credit->add_credit()
#6 /home/bcoinbdtask/public_html/nishue_main/system/CodeIgniter.php(412): CodeIgniter\CodeIgniter->runController(Object(App\Modules\Finance\Controllers\Admin\Credit))
#7 /home/bcoinbdtask/public_html/nishue_main/system/CodeIgniter.php(320): CodeIgniter\CodeIgniter->handleRequest(NULL, Object(Config\Cache), false)
#8 /home/bcoinbdtask/public_html/nishue_main/index.php(64): CodeIgniter\CodeIgniter->run()
#9 {main}
CRITICAL - 2021-06-16 00:19:45 --> Undefined variable: current_version
#0 /home/bcoinbdtask/public_html/nishue_main/app/Views/admin/header.php(26): CodeIgniter\Debug\Exceptions->errorHandler(8, 'Undefined varia...', '/home/bcoinbdta...', 26, Array)
#1 /home/bcoinbdtask/public_html/nishue_main/system/View/View.php(246): include('/home/bcoinbdta...')
#2 /home/bcoinbdtask/public_html/nishue_main/system/Common.php(1119): CodeIgniter\View\View->render('admin/header', Array, true)
#3 /home/bcoinbdtask/public_html/nishue_main/app/Libraries/Template.php(31): view('admin/header', Array)
#4 /home/bcoinbdtask/public_html/nishue_main/app/Modules/Finance/Controllers/Admin/Credit.php(36): App\Libraries\Template->admin_layout(Array)
#5 /home/bcoinbdtask/public_html/nishue_main/system/CodeIgniter.php(926): App\Modules\Finance\Controllers\Admin\Credit->add_credit()
#6 /home/bcoinbdtask/public_html/nishue_main/system/CodeIgniter.php(412): CodeIgniter\CodeIgniter->runController(Object(App\Modules\Finance\Controllers\Admin\Credit))
#7 /home/bcoinbdtask/public_html/nishue_main/system/CodeIgniter.php(320): CodeIgniter\CodeIgniter->handleRequest(NULL, Object(Config\Cache), false)
#8 /home/bcoinbdtask/public_html/nishue_main/index.php(64): CodeIgniter\CodeIgniter->run()
#9 {main}
CRITICAL - 2021-06-16 00:19:48 --> Undefined variable: current_version
#0 /home/bcoinbdtask/public_html/nishue_main/app/Views/admin/header.php(26): CodeIgniter\Debug\Exceptions->errorHandler(8, 'Undefined varia...', '/home/bcoinbdta...', 26, Array)
#1 /home/bcoinbdtask/public_html/nishue_main/system/View/View.php(246): include('/home/bcoinbdta...')
#2 /home/bcoinbdtask/public_html/nishue_main/system/Common.php(1119): CodeIgniter\View\View->render('admin/header', Array, true)
#3 /home/bcoinbdtask/public_html/nishue_main/app/Libraries/Template.php(31): view('admin/header', Array)
#4 /home/bcoinbdtask/public_html/nishue_main/app/Modules/Finance/Controllers/Admin/Withdraw.php(48): App\Libraries\Template->admin_layout(Array)
#5 /home/bcoinbdtask/public_html/nishue_main/system/CodeIgniter.php(926): App\Modules\Finance\Controllers\Admin\Withdraw->pending_withdraw()
#6 /home/bcoinbdtask/public_html/nishue_main/system/CodeIgniter.php(412): CodeIgniter\CodeIgniter->runController(Object(App\Modules\Finance\Controllers\Admin\Withdraw))
#7 /home/bcoinbdtask/public_html/nishue_main/system/CodeIgniter.php(320): CodeIgniter\CodeIgniter->handleRequest(NULL, Object(Config\Cache), false)
#8 /home/bcoinbdtask/public_html/nishue_main/index.php(64): CodeIgniter\CodeIgniter->run()
#9 {main}
CRITICAL - 2021-06-16 00:19:50 --> Undefined variable: current_version
#0 /home/bcoinbdtask/public_html/nishue_main/app/Views/admin/header.php(26): CodeIgniter\Debug\Exceptions->errorHandler(8, 'Undefined varia...', '/home/bcoinbdta...', 26, Array)
#1 /home/bcoinbdtask/public_html/nishue_main/system/View/View.php(246): include('/home/bcoinbdta...')
#2 /home/bcoinbdtask/public_html/nishue_main/system/Common.php(1119): CodeIgniter\View\View->render('admin/header', Array, true)
#3 /home/bcoinbdtask/public_html/nishue_main/app/Libraries/Template.php(31): view('admin/header', Array)
#4 /home/bcoinbdtask/public_html/nishue_main/app/Modules/Finance/Controllers/Admin/Withdraw.php(24): App\Libraries\Template->admin_layout(Array)
#5 /home/bcoinbdtask/public_html/nishue_main/system/CodeIgniter.php(926): App\Modules\Finance\Controllers\Admin\Withdraw->index()
#6 /home/bcoinbdtask/public_html/nishue_main/system/CodeIgniter.php(412): CodeIgniter\CodeIgniter->runController(Object(App\Modules\Finance\Controllers\Admin\Withdraw))
#7 /home/bcoinbdtask/public_html/nishue_main/system/CodeIgniter.php(320): CodeIgniter\CodeIgniter->handleRequest(NULL, Object(Config\Cache), false)
#8 /home/bcoinbdtask/public_html/nishue_main/index.php(64): CodeIgniter\CodeIgniter->run()
#9 {main}
CRITICAL - 2021-06-16 00:19:53 --> Undefined variable: current_version
#0 /home/bcoinbdtask/public_html/nishue_main/app/Views/admin/header.php(26): CodeIgniter\Debug\Exceptions->errorHandler(8, 'Undefined varia...', '/home/bcoinbdta...', 26, Array)
#1 /home/bcoinbdtask/public_html/nishue_main/system/View/View.php(246): include('/home/bcoinbdta...')
#2 /home/bcoinbdtask/public_html/nishue_main/system/Common.php(1119): CodeIgniter\View\View->render('admin/header', Array, true)
#3 /home/bcoinbdtask/public_html/nishue_main/app/Libraries/Template.php(31): view('admin/header', Array)
#4 /home/bcoinbdtask/public_html/nishue_main/app/Modules/Finance/Controllers/Admin/Deposit.php(54): App\Libraries\Template->admin_layout(Array)
#5 /home/bcoinbdtask/public_html/nishue_main/system/CodeIgniter.php(926): App\Modules\Finance\Controllers\Admin\Deposit->pending_deposit()
#6 /home/bcoinbdtask/public_html/nishue_main/system/CodeIgniter.php(412): CodeIgniter\CodeIgniter->runController(Object(App\Modules\Finance\Controllers\Admin\Deposit))
#7 /home/bcoinbdtask/public_html/nishue_main/system/CodeIgniter.php(320): CodeIgniter\CodeIgniter->handleRequest(NULL, Object(Config\Cache), false)
#8 /home/bcoinbdtask/public_html/nishue_main/index.php(64): CodeIgniter\CodeIgniter->run()
#9 {main}
CRITICAL - 2021-06-16 00:19:57 --> Undefined variable: current_version
#0 /home/bcoinbdtask/public_html/nishue_main/app/Views/admin/header.php(26): CodeIgniter\Debug\Exceptions->errorHandler(8, 'Undefined varia...', '/home/bcoinbdta...', 26, Array)
#1 /home/bcoinbdtask/public_html/nishue_main/system/View/View.php(246): include('/home/bcoinbdta...')
#2 /home/bcoinbdtask/public_html/nishue_main/system/Common.php(1119): CodeIgniter\View\View->render('admin/header', Array, true)
#3 /home/bcoinbdtask/public_html/nishue_main/app/Libraries/Template.php(31): view('admin/header', Array)
#4 /home/bcoinbdtask/public_html/nishue_main/app/Modules/Finance/Controllers/Admin/Credit.php(36): App\Libraries\Template->admin_layout(Array)
#5 /home/bcoinbdtask/public_html/nishue_main/system/CodeIgniter.php(926): App\Modules\Finance\Controllers\Admin\Credit->add_credit()
#6 /home/bcoinbdtask/public_html/nishue_main/system/CodeIgniter.php(412): CodeIgniter\CodeIgniter->runController(Object(App\Modules\Finance\Controllers\Admin\Credit))
#7 /home/bcoinbdtask/public_html/nishue_main/system/CodeIgniter.php(320): CodeIgniter\CodeIgniter->handleRequest(NULL, Object(Config\Cache), false)
#8 /home/bcoinbdtask/public_html/nishue_main/index.php(64): CodeIgniter\CodeIgniter->run()
#9 {main}
CRITICAL - 2021-06-16 00:25:08 --> Undefined variable: settings_info
#0 /home/bcoinbdtask/public_html/nishue_main/app/Views/admin/header.php(26): CodeIgniter\Debug\Exceptions->errorHandler(8, 'Undefined varia...', '/home/bcoinbdta...', 26, Array)
#1 /home/bcoinbdtask/public_html/nishue_main/system/View/View.php(246): include('/home/bcoinbdta...')
#2 /home/bcoinbdtask/public_html/nishue_main/system/Common.php(1119): CodeIgniter\View\View->render('admin/header', Array, true)
#3 /home/bcoinbdtask/public_html/nishue_main/app/Libraries/Template.php(41): view('admin/header', Array)
#4 /home/bcoinbdtask/public_html/nishue_main/app/Modules/Auth/Controllers/Admin/Dashboard.php(27): App\Libraries\Template->admin_layout(Array)
#5 /home/bcoinbdtask/public_html/nishue_main/system/CodeIgniter.php(926): App\Modules\Auth\Controllers\Admin\Dashboard->index()
#6 /home/bcoinbdtask/public_html/nishue_main/system/CodeIgniter.php(412): CodeIgniter\CodeIgniter->runController(Object(App\Modules\Auth\Controllers\Admin\Dashboard))
#7 /home/bcoinbdtask/public_html/nishue_main/system/CodeIgniter.php(320): CodeIgniter\CodeIgniter->handleRequest(NULL, Object(Config\Cache), false)
#8 /home/bcoinbdtask/public_html/nishue_main/index.php(64): CodeIgniter\CodeIgniter->run()
#9 {main}
CRITICAL - 2021-06-16 00:25:20 --> Undefined variable: settings_info
#0 /home/bcoinbdtask/public_html/nishue_main/app/Views/admin/header.php(26): CodeIgniter\Debug\Exceptions->errorHandler(8, 'Undefined varia...', '/home/bcoinbdta...', 26, Array)
#1 /home/bcoinbdtask/public_html/nishue_main/system/View/View.php(246): include('/home/bcoinbdta...')
#2 /home/bcoinbdtask/public_html/nishue_main/system/Common.php(1119): CodeIgniter\View\View->render('admin/header', Array, true)
#3 /home/bcoinbdtask/public_html/nishue_main/app/Libraries/Template.php(41): view('admin/header', Array)
#4 /home/bcoinbdtask/public_html/nishue_main/app/Modules/Finance/Controllers/Admin/Withdraw.php(48): App\Libraries\Template->admin_layout(Array)
#5 /home/bcoinbdtask/public_html/nishue_main/system/CodeIgniter.php(926): App\Modules\Finance\Controllers\Admin\Withdraw->pending_withdraw()
#6 /home/bcoinbdtask/public_html/nishue_main/system/CodeIgniter.php(412): CodeIgniter\CodeIgniter->runController(Object(App\Modules\Finance\Controllers\Admin\Withdraw))
#7 /home/bcoinbdtask/public_html/nishue_main/system/CodeIgniter.php(320): CodeIgniter\CodeIgniter->handleRequest(NULL, Object(Config\Cache), false)
#8 /home/bcoinbdtask/public_html/nishue_main/index.php(64): CodeIgniter\CodeIgniter->run()
#9 {main}
CRITICAL - 2021-06-16 00:25:44 --> Undefined variable: settings_info
#0 /home/bcoinbdtask/public_html/nishue_main/app/Views/admin/header.php(26): CodeIgniter\Debug\Exceptions->errorHandler(8, 'Undefined varia...', '/home/bcoinbdta...', 26, Array)
#1 /home/bcoinbdtask/public_html/nishue_main/system/View/View.php(246): include('/home/bcoinbdta...')
#2 /home/bcoinbdtask/public_html/nishue_main/system/Common.php(1119): CodeIgniter\View\View->render('admin/header', Array, true)
#3 /home/bcoinbdtask/public_html/nishue_main/app/Libraries/Template.php(41): view('admin/header', Array)
#4 /home/bcoinbdtask/public_html/nishue_main/app/Modules/Auth/Controllers/Admin/Dashboard.php(27): App\Libraries\Template->admin_layout(Array)
#5 /home/bcoinbdtask/public_html/nishue_main/system/CodeIgniter.php(926): App\Modules\Auth\Controllers\Admin\Dashboard->index()
#6 /home/bcoinbdtask/public_html/nishue_main/system/CodeIgniter.php(412): CodeIgniter\CodeIgniter->runController(Object(App\Modules\Auth\Controllers\Admin\Dashboard))
#7 /home/bcoinbdtask/public_html/nishue_main/system/CodeIgniter.php(320): CodeIgniter\CodeIgniter->handleRequest(NULL, Object(Config\Cache), false)
#8 /home/bcoinbdtask/public_html/nishue_main/index.php(64): CodeIgniter\CodeIgniter->run()
#9 {main}
CRITICAL - 2021-06-16 00:27:16 --> Undefined variable: settings_info
#0 /home/bcoinbdtask/public_html/nishue_main/app/Views/admin/header.php(26): CodeIgniter\Debug\Exceptions->errorHandler(8, 'Undefined varia...', '/home/bcoinbdta...', 26, Array)
#1 /home/bcoinbdtask/public_html/nishue_main/system/View/View.php(246): include('/home/bcoinbdta...')
#2 /home/bcoinbdtask/public_html/nishue_main/system/Common.php(1119): CodeIgniter\View\View->render('admin/header', Array, true)
#3 /home/bcoinbdtask/public_html/nishue_main/app/Libraries/Template.php(41): view('admin/header', Array)
#4 /home/bcoinbdtask/public_html/nishue_main/app/Modules/Finance/Controllers/Admin/Deposit.php(54): App\Libraries\Template->admin_layout(Array)
#5 /home/bcoinbdtask/public_html/nishue_main/system/CodeIgniter.php(926): App\Modules\Finance\Controllers\Admin\Deposit->pending_deposit()
#6 /home/bcoinbdtask/public_html/nishue_main/system/CodeIgniter.php(412): CodeIgniter\CodeIgniter->runController(Object(App\Modules\Finance\Controllers\Admin\Deposit))
#7 /home/bcoinbdtask/public_html/nishue_main/system/CodeIgniter.php(320): CodeIgniter\CodeIgniter->handleRequest(NULL, Object(Config\Cache), false)
#8 /home/bcoinbdtask/public_html/nishue_main/index.php(64): CodeIgniter\CodeIgniter->run()
#9 {main}
CRITICAL - 2021-06-16 00:27:19 --> Undefined variable: settings_info
#0 /home/bcoinbdtask/public_html/nishue_main/app/Views/admin/header.php(26): CodeIgniter\Debug\Exceptions->errorHandler(8, 'Undefined varia...', '/home/bcoinbdta...', 26, Array)
#1 /home/bcoinbdtask/public_html/nishue_main/system/View/View.php(246): include('/home/bcoinbdta...')
#2 /home/bcoinbdtask/public_html/nishue_main/system/Common.php(1119): CodeIgniter\View\View->render('admin/header', Array, true)
#3 /home/bcoinbdtask/public_html/nishue_main/app/Libraries/Template.php(41): view('admin/header', Array)
#4 /home/bcoinbdtask/public_html/nishue_main/app/Modules/Finance/Controllers/Admin/Withdraw.php(48): App\Libraries\Template->admin_layout(Array)
#5 /home/bcoinbdtask/public_html/nishue_main/system/CodeIgniter.php(926): App\Modules\Finance\Controllers\Admin\Withdraw->pending_withdraw()
#6 /home/bcoinbdtask/public_html/nishue_main/system/CodeIgniter.php(412): CodeIgniter\CodeIgniter->runController(Object(App\Modules\Finance\Controllers\Admin\Withdraw))
#7 /home/bcoinbdtask/public_html/nishue_main/system/CodeIgniter.php(320): CodeIgniter\CodeIgniter->handleRequest(NULL, Object(Config\Cache), false)
#8 /home/bcoinbdtask/public_html/nishue_main/index.php(64): CodeIgniter\CodeIgniter->run()
#9 {main}
CRITICAL - 2021-06-16 00:27:22 --> Undefined variable: settings_info
#0 /home/bcoinbdtask/public_html/nishue_main/app/Views/admin/header.php(26): CodeIgniter\Debug\Exceptions->errorHandler(8, 'Undefined varia...', '/home/bcoinbdta...', 26, Array)
#1 /home/bcoinbdtask/public_html/nishue_main/system/View/View.php(246): include('/home/bcoinbdta...')
#2 /home/bcoinbdtask/public_html/nishue_main/system/Common.php(1119): CodeIgniter\View\View->render('admin/header', Array, true)
#3 /home/bcoinbdtask/public_html/nishue_main/app/Libraries/Template.php(41): view('admin/header', Array)
#4 /home/bcoinbdtask/public_html/nishue_main/app/Modules/Finance/Controllers/Admin/Deposit.php(29): App\Libraries\Template->admin_layout(Array)
#5 /home/bcoinbdtask/public_html/nishue_main/system/CodeIgniter.php(926): App\Modules\Finance\Controllers\Admin\Deposit->index()
#6 /home/bcoinbdtask/public_html/nishue_main/system/CodeIgniter.php(412): CodeIgniter\CodeIgniter->runController(Object(App\Modules\Finance\Controllers\Admin\Deposit))
#7 /home/bcoinbdtask/public_html/nishue_main/system/CodeIgniter.php(320): CodeIgniter\CodeIgniter->handleRequest(NULL, Object(Config\Cache), false)
#8 /home/bcoinbdtask/public_html/nishue_main/index.php(64): CodeIgniter\CodeIgniter->run()
#9 {main}
CRITICAL - 2021-06-16 00:27:27 --> Undefined variable: settings_info
#0 /home/bcoinbdtask/public_html/nishue_main/app/Views/admin/header.php(26): CodeIgniter\Debug\Exceptions->errorHandler(8, 'Undefined varia...', '/home/bcoinbdta...', 26, Array)
#1 /home/bcoinbdtask/public_html/nishue_main/system/View/View.php(246): include('/home/bcoinbdta...')
#2 /home/bcoinbdtask/public_html/nishue_main/system/Common.php(1119): CodeIgniter\View\View->render('admin/header', Array, true)
#3 /home/bcoinbdtask/public_html/nishue_main/app/Libraries/Template.php(41): view('admin/header', Array)
#4 /home/bcoinbdtask/public_html/nishue_main/app/Modules/Package/Controllers/Admin/Package.php(96): App\Libraries\Template->admin_layout(Array)
#5 /home/bcoinbdtask/public_html/nishue_main/system/CodeIgniter.php(926): App\Modules\Package\Controllers\Admin\Package->form()
#6 /home/bcoinbdtask/public_html/nishue_main/system/CodeIgniter.php(412): CodeIgniter\CodeIgniter->runController(Object(App\Modules\Package\Controllers\Admin\Package))
#7 /home/bcoinbdtask/public_html/nishue_main/system/CodeIgniter.php(320): CodeIgniter\CodeIgniter->handleRequest(NULL, Object(Config\Cache), false)
#8 /home/bcoinbdtask/public_html/nishue_main/index.php(64): CodeIgniter\CodeIgniter->run()
#9 {main}
CRITICAL - 2021-06-16 00:27:41 --> Undefined variable: settings_info
#0 /home/bcoinbdtask/public_html/nishue_main/app/Views/admin/header.php(26): CodeIgniter\Debug\Exceptions->errorHandler(8, 'Undefined varia...', '/home/bcoinbdta...', 26, Array)
#1 /home/bcoinbdtask/public_html/nishue_main/system/View/View.php(246): include('/home/bcoinbdta...')
#2 /home/bcoinbdtask/public_html/nishue_main/system/Common.php(1119): CodeIgniter\View\View->render('admin/header', Array, true)
#3 /home/bcoinbdtask/public_html/nishue_main/app/Libraries/Template.php(42): view('admin/header', Array)
#4 /home/bcoinbdtask/public_html/nishue_main/app/Modules/Auth/Controllers/Admin/Dashboard.php(27): App\Libraries\Template->admin_layout(Array)
#5 /home/bcoinbdtask/public_html/nishue_main/system/CodeIgniter.php(926): App\Modules\Auth\Controllers\Admin\Dashboard->index()
#6 /home/bcoinbdtask/public_html/nishue_main/system/CodeIgniter.php(412): CodeIgniter\CodeIgniter->runController(Object(App\Modules\Auth\Controllers\Admin\Dashboard))
#7 /home/bcoinbdtask/public_html/nishue_main/system/CodeIgniter.php(320): CodeIgniter\CodeIgniter->handleRequest(NULL, Object(Config\Cache), false)
#8 /home/bcoinbdtask/public_html/nishue_main/index.php(64): CodeIgniter\CodeIgniter->run()
#9 {main}
CRITICAL - 2021-06-16 00:42:54 --> Undefined property: App\Modules\Common\Controllers\Admin\Autoupdate::$agent
#0 /home/bcoinbdtask/public_html/nishue_main/app/Modules/Common/Controllers/Admin/Autoupdate.php(90): CodeIgniter\Debug\Exceptions->errorHandler(8, 'Undefined prope...', '/home/bcoinbdta...', 90, Array)
#1 /home/bcoinbdtask/public_html/nishue_main/system/CodeIgniter.php(926): App\Modules\Common\Controllers\Admin\Autoupdate->update()
#2 /home/bcoinbdtask/public_html/nishue_main/system/CodeIgniter.php(412): CodeIgniter\CodeIgniter->runController(Object(App\Modules\Common\Controllers\Admin\Autoupdate))
#3 /home/bcoinbdtask/public_html/nishue_main/system/CodeIgniter.php(320): CodeIgniter\CodeIgniter->handleRequest(NULL, Object(Config\Cache), false)
#4 /home/bcoinbdtask/public_html/nishue_main/index.php(64): CodeIgniter\CodeIgniter->run()
#5 {main}
CRITICAL - 2021-06-16 02:46:53 --> Undefined index: message
#0 /home/bcoinbdtask/public_html/nishue_main/app/Libraries/Sms_lib.php(36): CodeIgniter\Debug\Exceptions->errorHandler(8, 'Undefined index...', '/home/bcoinbdta...', 36, Array)
#1 /home/bcoinbdtask/public_html/nishue_main/app/Modules/Stripe/Controllers/Customer/Payment_callback.php(187): App\Libraries\Sms_lib->send(Array)
#2 /home/bcoinbdtask/public_html/nishue_main/app/Modules/Stripe/Controllers/Customer/Payment_callback.php(55): App\Modules\Stripe\Controllers\Customer\Payment_callback->deposit_confirm('cs_test_a1I7006...')
#3 /home/bcoinbdtask/public_html/nishue_main/system/CodeIgniter.php(926): App\Modules\Stripe\Controllers\Customer\Payment_callback->stripe_confirm('cs_test_a1I7006...')
#4 /home/bcoinbdtask/public_html/nishue_main/system/CodeIgniter.php(412): CodeIgniter\CodeIgniter->runController(Object(App\Modules\Stripe\Controllers\Customer\Payment_callback))
#5 /home/bcoinbdtask/public_html/nishue_main/system/CodeIgniter.php(320): CodeIgniter\CodeIgniter->handleRequest(NULL, Object(Config\Cache), false)
#6 /home/bcoinbdtask/public_html/nishue_main/index.php(64): CodeIgniter\CodeIgniter->run()
#7 {main}
CRITICAL - 2021-06-16 02:51:19 --> Undefined index: message
#0 /home/bcoinbdtask/public_html/nishue_main/app/Libraries/Sms_lib.php(36): CodeIgniter\Debug\Exceptions->errorHandler(8, 'Undefined index...', '/home/bcoinbdta...', 36, Array)
#1 /home/bcoinbdtask/public_html/nishue_main/app/Modules/Stripe/Controllers/Customer/Payment_callback.php(187): App\Libraries\Sms_lib->send(Array)
#2 /home/bcoinbdtask/public_html/nishue_main/app/Modules/Stripe/Controllers/Customer/Payment_callback.php(55): App\Modules\Stripe\Controllers\Customer\Payment_callback->deposit_confirm('cs_test_a1DpfqO...')
#3 /home/bcoinbdtask/public_html/nishue_main/system/CodeIgniter.php(926): App\Modules\Stripe\Controllers\Customer\Payment_callback->stripe_confirm('cs_test_a1DpfqO...')
#4 /home/bcoinbdtask/public_html/nishue_main/system/CodeIgniter.php(412): CodeIgniter\CodeIgniter->runController(Object(App\Modules\Stripe\Controllers\Customer\Payment_callback))
#5 /home/bcoinbdtask/public_html/nishue_main/system/CodeIgniter.php(320): CodeIgniter\CodeIgniter->handleRequest(NULL, Object(Config\Cache), false)
#6 /home/bcoinbdtask/public_html/nishue_main/index.php(64): CodeIgniter\CodeIgniter->run()
#7 {main}
CRITICAL - 2021-06-16 03:14:36 --> Cannot use a scalar value as an array
#0 /home/bcoinbdtask/public_html/nishue_main/app/Modules/Finance/Controllers/Customer/Transfer.php(410): CodeIgniter\Debug\Exceptions->errorHandler(2, 'Cannot use a sc...', '/home/bcoinbdta...', 410, Array)
#1 /home/bcoinbdtask/public_html/nishue_main/system/CodeIgniter.php(926): App\Modules\Finance\Controllers\Customer\Transfer->transfer_recite('36')
#2 /home/bcoinbdtask/public_html/nishue_main/system/CodeIgniter.php(412): CodeIgniter\CodeIgniter->runController(Object(App\Modules\Finance\Controllers\Customer\Transfer))
#3 /home/bcoinbdtask/public_html/nishue_main/system/CodeIgniter.php(320): CodeIgniter\CodeIgniter->handleRequest(NULL, Object(Config\Cache), false)
#4 /home/bcoinbdtask/public_html/nishue_main/index.php(64): CodeIgniter\CodeIgniter->run()
#5 {main}
CRITICAL - 2021-06-16 03:48:15 --> Trying to get property 'data' of non-object
#0 /home/bcoinbdtask/public_html/nishue_main/app/Modules/Finance/Controllers/Customer/Transfer.php(247): CodeIgniter\Debug\Exceptions->errorHandler(8, 'Trying to get p...', '/home/bcoinbdta...', 247, Array)
#1 /home/bcoinbdtask/public_html/nishue_main/system/CodeIgniter.php(926): App\Modules\Finance\Controllers\Customer\Transfer->confirm_transfer('36')
#2 /home/bcoinbdtask/public_html/nishue_main/system/CodeIgniter.php(412): CodeIgniter\CodeIgniter->runController(Object(App\Modules\Finance\Controllers\Customer\Transfer))
#3 /home/bcoinbdtask/public_html/nishue_main/system/CodeIgniter.php(320): CodeIgniter\CodeIgniter->handleRequest(NULL, Object(Config\Cache), false)
#4 /home/bcoinbdtask/public_html/nishue_main/index.php(64): CodeIgniter\CodeIgniter->run()
#5 {main}
