CRITICAL - 2022-02-01 15:41:13 --> Invalid argument supplied for foreach()
#0 /home/crypjxup/public_html/app/Modules/Gourl/Libraries/gourl/lib/cryptobox.config.php(27): CodeIgniter\Debug\Exceptions->errorHandler(2, 'Invalid argumen...', '/home/crypjxup/...', 27, Array)
#1 /home/crypjxup/public_html/app/Modules/Gourl/Libraries/gourl/lib/cryptobox.class.php(76): require_once('/home/crypjxup/...')
#2 /home/crypjxup/public_html/app/Modules/Gourl/Libraries/Payment.php(35): require('/home/crypjxup/...')
#3 /home/crypjxup/public_html/app/Modules/Gourl/Controllers/Customer/Payment_process.php(24): App\Modules\Gourl\Libraries\Payment->payment_process(Object(stdClass), 'bitcoin')
#4 /home/crypjxup/public_html/system/CodeIgniter.php(926): App\Modules\Gourl\Controllers\Customer\payment_process->bitcoin()
#5 /home/crypjxup/public_html/system/CodeIgniter.php(412): CodeIgniter\CodeIgniter->runController(Object(App\Modules\Gourl\Controllers\Customer\payment_process))
#6 /home/crypjxup/public_html/system/CodeIgniter.php(320): CodeIgniter\CodeIgniter->handleRequest(NULL, Object(Config\Cache), false)
#7 /home/crypjxup/public_html/index.php(64): CodeIgniter\CodeIgniter->run()
#8 {main}
CRITICAL - 2022-02-01 15:43:46 --> Invalid argument supplied for foreach()
#0 /home/crypjxup/public_html/app/Modules/Gourl/Libraries/gourl/lib/cryptobox.config.php(27): CodeIgniter\Debug\Exceptions->errorHandler(2, 'Invalid argumen...', '/home/crypjxup/...', 27, Array)
#1 /home/crypjxup/public_html/app/Modules/Gourl/Libraries/gourl/lib/cryptobox.class.php(76): require_once('/home/crypjxup/...')
#2 /home/crypjxup/public_html/app/Modules/Gourl/Libraries/Payment.php(35): require('/home/crypjxup/...')
#3 /home/crypjxup/public_html/app/Modules/Gourl/Controllers/Customer/Payment_process.php(24): App\Modules\Gourl\Libraries\Payment->payment_process(Object(stdClass), 'bitcoin')
#4 /home/crypjxup/public_html/system/CodeIgniter.php(926): App\Modules\Gourl\Controllers\Customer\payment_process->bitcoin()
#5 /home/crypjxup/public_html/system/CodeIgniter.php(412): CodeIgniter\CodeIgniter->runController(Object(App\Modules\Gourl\Controllers\Customer\payment_process))
#6 /home/crypjxup/public_html/system/CodeIgniter.php(320): CodeIgniter\CodeIgniter->handleRequest(NULL, Object(Config\Cache), false)
#7 /home/crypjxup/public_html/index.php(64): CodeIgniter\CodeIgniter->run()
#8 {main}
