CRITICAL - 2021-06-13 00:06:38 --> syntax error, unexpected '}'
#0 C:\xampp\htdocs\nishue_main\system\Autoloader\Autoloader.php(296): CodeIgniter\Autoloader\Autoloader->requireFile('C:\\xampp\\htdocs...')
#1 C:\xampp\htdocs\nishue_main\system\Autoloader\Autoloader.php(258): CodeIgniter\Autoloader\Autoloader->loadInNamespace('Config\\Filters')
#2 [internal function]: CodeIgniter\Autoloader\Autoloader->loadClass('Config\\Filters')
#3 C:\xampp\htdocs\nishue_main\system\Config\Services.php(322): spl_autoload_call('Config\\Filters')
#4 C:\xampp\htdocs\nishue_main\system\Config\BaseService.php(123): CodeIgniter\Config\Services::filters(NULL, false)
#5 C:\xampp\htdocs\nishue_main\system\Config\Services.php(317): CodeIgniter\Config\BaseService::getSharedInstance('filters', NULL)
#6 C:\xampp\htdocs\nishue_main\system\CodeIgniter.php(375): CodeIgniter\Config\Services::filters()
#7 C:\xampp\htdocs\nishue_main\system\CodeIgniter.php(320): CodeIgniter\CodeIgniter->handleRequest(NULL, Object(Config\Cache), false)
#8 C:\xampp\htdocs\nishue_main\index.php(64): CodeIgniter\CodeIgniter->run()
#9 {main}
CRITICAL - 2021-06-13 00:10:17 --> trim() expects parameter 1 to be string, array given
#0 [internal function]: CodeIgniter\Debug\Exceptions->errorHandler(2, 'trim() expects ...', 'C:\\xampp\\htdocs...', 503, Array)
#1 C:\xampp\htdocs\nishue_main\system\Filters\Filters.php(503): trim(Array, '/ ')
#2 C:\xampp\htdocs\nishue_main\system\Filters\Filters.php(391): CodeIgniter\Filters\Filters->pathApplies('', Array)
#3 C:\xampp\htdocs\nishue_main\system\Filters\Filters.php(239): CodeIgniter\Filters\Filters->processGlobals('')
#4 C:\xampp\htdocs\nishue_main\system\Filters\Filters.php(139): CodeIgniter\Filters\Filters->initialize('/')
#5 C:\xampp\htdocs\nishue_main\system\CodeIgniter.php(390): CodeIgniter\Filters\Filters->run('/', 'before')
#6 C:\xampp\htdocs\nishue_main\system\CodeIgniter.php(320): CodeIgniter\CodeIgniter->handleRequest(NULL, Object(Config\Cache), false)
#7 C:\xampp\htdocs\nishue_main\index.php(64): CodeIgniter\CodeIgniter->run()
#8 {main}
CRITICAL - 2021-06-13 00:22:18 --> Undefined variable: file
#0 C:\xampp\htdocs\nishue_main\app\Modules\Addon\Views\module\list.php(94): CodeIgniter\Debug\Exceptions->errorHandler(8, 'Undefined varia...', 'C:\\xampp\\htdocs...', 94, Array)
#1 C:\xampp\htdocs\nishue_main\system\View\View.php(246): include('C:\\xampp\\htdocs...')
#2 C:\xampp\htdocs\nishue_main\system\Common.php(1119): CodeIgniter\View\View->render('App\\Modules\\Add...', Array, true)
#3 C:\xampp\htdocs\nishue_main\app\Libraries\Template.php(33): view('App\\Modules\\Add...', Array)
#4 C:\xampp\htdocs\nishue_main\app\Modules\Addon\Controllers\Module.php(28): App\Libraries\Template->admin_layout(Array)
#5 C:\xampp\htdocs\nishue_main\system\CodeIgniter.php(926): App\Modules\Addon\Controllers\Module->index()
#6 C:\xampp\htdocs\nishue_main\system\CodeIgniter.php(412): CodeIgniter\CodeIgniter->runController(Object(App\Modules\Addon\Controllers\Module))
#7 C:\xampp\htdocs\nishue_main\system\CodeIgniter.php(320): CodeIgniter\CodeIgniter->handleRequest(NULL, Object(Config\Cache), false)
#8 C:\xampp\htdocs\nishue_main\index.php(64): CodeIgniter\CodeIgniter->run()
#9 {main}
CRITICAL - 2021-06-13 00:23:17 --> Undefined variable: image
#0 C:\xampp\htdocs\nishue_main\app\Modules\Addon\Views\module\list.php(94): CodeIgniter\Debug\Exceptions->errorHandler(8, 'Undefined varia...', 'C:\\xampp\\htdocs...', 94, Array)
#1 C:\xampp\htdocs\nishue_main\system\View\View.php(246): include('C:\\xampp\\htdocs...')
#2 C:\xampp\htdocs\nishue_main\system\Common.php(1119): CodeIgniter\View\View->render('App\\Modules\\Add...', Array, true)
#3 C:\xampp\htdocs\nishue_main\app\Libraries\Template.php(33): view('App\\Modules\\Add...', Array)
#4 C:\xampp\htdocs\nishue_main\app\Modules\Addon\Controllers\Module.php(28): App\Libraries\Template->admin_layout(Array)
#5 C:\xampp\htdocs\nishue_main\system\CodeIgniter.php(926): App\Modules\Addon\Controllers\Module->index()
#6 C:\xampp\htdocs\nishue_main\system\CodeIgniter.php(412): CodeIgniter\CodeIgniter->runController(Object(App\Modules\Addon\Controllers\Module))
#7 C:\xampp\htdocs\nishue_main\system\CodeIgniter.php(320): CodeIgniter\CodeIgniter->handleRequest(NULL, Object(Config\Cache), false)
#8 C:\xampp\htdocs\nishue_main\index.php(64): CodeIgniter\CodeIgniter->run()
#9 {main}
CRITICAL - 2021-06-13 00:28:16 --> Undefined variable: HmvcConfig
#0 C:\xampp\htdocs\nishue_main\app\Modules\Addon\Views\module\list.php(98): CodeIgniter\Debug\Exceptions->errorHandler(8, 'Undefined varia...', 'C:\\xampp\\htdocs...', 98, Array)
#1 C:\xampp\htdocs\nishue_main\system\View\View.php(246): include('C:\\xampp\\htdocs...')
#2 C:\xampp\htdocs\nishue_main\system\Common.php(1119): CodeIgniter\View\View->render('App\\Modules\\Add...', Array, true)
#3 C:\xampp\htdocs\nishue_main\app\Libraries\Template.php(33): view('App\\Modules\\Add...', Array)
#4 C:\xampp\htdocs\nishue_main\app\Modules\Addon\Controllers\Module.php(28): App\Libraries\Template->admin_layout(Array)
#5 C:\xampp\htdocs\nishue_main\system\CodeIgniter.php(926): App\Modules\Addon\Controllers\Module->index()
#6 C:\xampp\htdocs\nishue_main\system\CodeIgniter.php(412): CodeIgniter\CodeIgniter->runController(Object(App\Modules\Addon\Controllers\Module))
#7 C:\xampp\htdocs\nishue_main\system\CodeIgniter.php(320): CodeIgniter\CodeIgniter->handleRequest(NULL, Object(Config\Cache), false)
#8 C:\xampp\htdocs\nishue_main\index.php(64): CodeIgniter\CodeIgniter->run()
#9 {main}
CRITICAL - 2021-06-13 00:31:00 --> Undefined variable: css
#0 C:\xampp\htdocs\nishue_main\app\Modules\Addon\Views\module\list.php(204): CodeIgniter\Debug\Exceptions->errorHandler(8, 'Undefined varia...', 'C:\\xampp\\htdocs...', 204, Array)
#1 C:\xampp\htdocs\nishue_main\system\View\View.php(246): include('C:\\xampp\\htdocs...')
#2 C:\xampp\htdocs\nishue_main\system\Common.php(1119): CodeIgniter\View\View->render('App\\Modules\\Add...', Array, true)
#3 C:\xampp\htdocs\nishue_main\app\Libraries\Template.php(33): view('App\\Modules\\Add...', Array)
#4 C:\xampp\htdocs\nishue_main\app\Modules\Addon\Controllers\Module.php(28): App\Libraries\Template->admin_layout(Array)
#5 C:\xampp\htdocs\nishue_main\system\CodeIgniter.php(926): App\Modules\Addon\Controllers\Module->index()
#6 C:\xampp\htdocs\nishue_main\system\CodeIgniter.php(412): CodeIgniter\CodeIgniter->runController(Object(App\Modules\Addon\Controllers\Module))
#7 C:\xampp\htdocs\nishue_main\system\CodeIgniter.php(320): CodeIgniter\CodeIgniter->handleRequest(NULL, Object(Config\Cache), false)
#8 C:\xampp\htdocs\nishue_main\index.php(64): CodeIgniter\CodeIgniter->run()
#9 {main}
CRITICAL - 2021-06-13 01:08:14 --> Undefined variable: HmvcConfig
#0 C:\xampp\htdocs\nishue_main\app\Modules\Addon\Views\module\list.php(153): CodeIgniter\Debug\Exceptions->errorHandler(8, 'Undefined varia...', 'C:\\xampp\\htdocs...', 153, Array)
#1 C:\xampp\htdocs\nishue_main\system\View\View.php(246): include('C:\\xampp\\htdocs...')
#2 C:\xampp\htdocs\nishue_main\system\Common.php(1119): CodeIgniter\View\View->render('App\\Modules\\Add...', Array, true)
#3 C:\xampp\htdocs\nishue_main\app\Libraries\Template.php(33): view('App\\Modules\\Add...', Array)
#4 C:\xampp\htdocs\nishue_main\app\Modules\Addon\Controllers\Module.php(28): App\Libraries\Template->admin_layout(Array)
#5 C:\xampp\htdocs\nishue_main\system\CodeIgniter.php(926): App\Modules\Addon\Controllers\Module->index()
#6 C:\xampp\htdocs\nishue_main\system\CodeIgniter.php(412): CodeIgniter\CodeIgniter->runController(Object(App\Modules\Addon\Controllers\Module))
#7 C:\xampp\htdocs\nishue_main\system\CodeIgniter.php(320): CodeIgniter\CodeIgniter->handleRequest(NULL, Object(Config\Cache), false)
#8 C:\xampp\htdocs\nishue_main\index.php(64): CodeIgniter\CodeIgniter->run()
#9 {main}
CRITICAL - 2021-06-13 01:09:12 --> Undefined variable: HmvcConfig
#0 C:\xampp\htdocs\nishue_main\app\Modules\Addon\Views\module\list.php(114): CodeIgniter\Debug\Exceptions->errorHandler(8, 'Undefined varia...', 'C:\\xampp\\htdocs...', 114, Array)
#1 C:\xampp\htdocs\nishue_main\system\View\View.php(246): include('C:\\xampp\\htdocs...')
#2 C:\xampp\htdocs\nishue_main\system\Common.php(1119): CodeIgniter\View\View->render('App\\Modules\\Add...', Array, true)
#3 C:\xampp\htdocs\nishue_main\app\Libraries\Template.php(33): view('App\\Modules\\Add...', Array)
#4 C:\xampp\htdocs\nishue_main\app\Modules\Addon\Controllers\Module.php(28): App\Libraries\Template->admin_layout(Array)
#5 C:\xampp\htdocs\nishue_main\system\CodeIgniter.php(926): App\Modules\Addon\Controllers\Module->index()
#6 C:\xampp\htdocs\nishue_main\system\CodeIgniter.php(412): CodeIgniter\CodeIgniter->runController(Object(App\Modules\Addon\Controllers\Module))
#7 C:\xampp\htdocs\nishue_main\system\CodeIgniter.php(320): CodeIgniter\CodeIgniter->handleRequest(NULL, Object(Config\Cache), false)
#8 C:\xampp\htdocs\nishue_main\index.php(64): CodeIgniter\CodeIgniter->run()
#9 {main}
CRITICAL - 2021-06-13 01:14:15 --> Array to string conversion
#0 C:\xampp\htdocs\nishue_main\app\Modules\Addon\Views\module\list.php(84): CodeIgniter\Debug\Exceptions->errorHandler(8, 'Array to string...', 'C:\\xampp\\htdocs...', 84, Array)
#1 C:\xampp\htdocs\nishue_main\system\View\View.php(246): include('C:\\xampp\\htdocs...')
#2 C:\xampp\htdocs\nishue_main\system\Common.php(1119): CodeIgniter\View\View->render('App\\Modules\\Add...', Array, true)
#3 C:\xampp\htdocs\nishue_main\app\Libraries\Template.php(33): view('App\\Modules\\Add...', Array)
#4 C:\xampp\htdocs\nishue_main\app\Modules\Addon\Controllers\Module.php(28): App\Libraries\Template->admin_layout(Array)
#5 C:\xampp\htdocs\nishue_main\system\CodeIgniter.php(926): App\Modules\Addon\Controllers\Module->index()
#6 C:\xampp\htdocs\nishue_main\system\CodeIgniter.php(412): CodeIgniter\CodeIgniter->runController(Object(App\Modules\Addon\Controllers\Module))
#7 C:\xampp\htdocs\nishue_main\system\CodeIgniter.php(320): CodeIgniter\CodeIgniter->handleRequest(NULL, Object(Config\Cache), false)
#8 C:\xampp\htdocs\nishue_main\index.php(64): CodeIgniter\CodeIgniter->run()
#9 {main}
CRITICAL - 2021-06-13 02:23:11 --> Call to undefined function App\Modules\User\Controllers\Customer\lan()
#0 C:\xampp\htdocs\nishue_main\system\CodeIgniter.php(926): App\Modules\User\Controllers\Customer\Profile->index()
#1 C:\xampp\htdocs\nishue_main\system\CodeIgniter.php(412): CodeIgniter\CodeIgniter->runController(Object(App\Modules\User\Controllers\Customer\Profile))
#2 C:\xampp\htdocs\nishue_main\system\CodeIgniter.php(320): CodeIgniter\CodeIgniter->handleRequest(NULL, Object(Config\Cache), false)
#3 C:\xampp\htdocs\nishue_main\index.php(64): CodeIgniter\CodeIgniter->run()
#4 {main}
CRITICAL - 2021-06-13 03:03:47 --> syntax error, unexpected '}'
#0 C:\xampp\htdocs\nishue_main\system\CodeIgniter.php(788): require()
#1 C:\xampp\htdocs\nishue_main\system\CodeIgniter.php(372): CodeIgniter\CodeIgniter->tryToRouteIt(Object(CodeIgniter\Router\RouteCollection))
#2 C:\xampp\htdocs\nishue_main\system\CodeIgniter.php(320): CodeIgniter\CodeIgniter->handleRequest(NULL, Object(Config\Cache), false)
#3 C:\xampp\htdocs\nishue_main\index.php(64): CodeIgniter\CodeIgniter->run()
#4 {main}
CRITICAL - 2021-06-13 03:04:10 --> Undefined property: App\Modules\System_user\Controllers\Admin\Admin::$home_model
#0 C:\xampp\htdocs\nishue_main\app\Modules\System_user\Controllers\Admin\Admin.php(125): CodeIgniter\Debug\Exceptions->errorHandler(8, 'Undefined prope...', 'C:\\xampp\\htdocs...', 125, Array)
#1 C:\xampp\htdocs\nishue_main\system\CodeIgniter.php(926): App\Modules\System_user\Controllers\Admin\Admin->profile()
#2 C:\xampp\htdocs\nishue_main\system\CodeIgniter.php(412): CodeIgniter\CodeIgniter->runController(Object(App\Modules\System_user\Controllers\Admin\Admin))
#3 C:\xampp\htdocs\nishue_main\system\CodeIgniter.php(320): CodeIgniter\CodeIgniter->handleRequest(NULL, Object(Config\Cache), false)
#4 C:\xampp\htdocs\nishue_main\index.php(64): CodeIgniter\CodeIgniter->run()
#5 {main}
CRITICAL - 2021-06-13 03:09:57 --> Undefined property: App\Modules\System_user\Controllers\Admin\Admin::$imagelibrary
#0 C:\xampp\htdocs\nishue_main\app\Modules\System_user\Controllers\Admin\Admin.php(151): CodeIgniter\Debug\Exceptions->errorHandler(8, 'Undefined prope...', 'C:\\xampp\\htdocs...', 151, Array)
#1 C:\xampp\htdocs\nishue_main\system\CodeIgniter.php(926): App\Modules\System_user\Controllers\Admin\Admin->edit_profile()
#2 C:\xampp\htdocs\nishue_main\system\CodeIgniter.php(412): CodeIgniter\CodeIgniter->runController(Object(App\Modules\System_user\Controllers\Admin\Admin))
#3 C:\xampp\htdocs\nishue_main\system\CodeIgniter.php(320): CodeIgniter\CodeIgniter->handleRequest(NULL, Object(Config\Cache), false)
#4 C:\xampp\htdocs\nishue_main\index.php(64): CodeIgniter\CodeIgniter->run()
#5 {main}
CRITICAL - 2021-06-13 03:11:20 --> Class 'App\Modules\System_user\Controllers\Admin\Uplo' not found
#0 C:\xampp\htdocs\nishue_main\system\CodeIgniter.php(899): App\Modules\System_user\Controllers\Admin\BaseController->initController(Object(CodeIgniter\HTTP\IncomingRequest), Object(CodeIgniter\HTTP\Response), Object(CodeIgniter\Log\Logger))
#1 C:\xampp\htdocs\nishue_main\system\CodeIgniter.php(407): CodeIgniter\CodeIgniter->createController()
#2 C:\xampp\htdocs\nishue_main\system\CodeIgniter.php(320): CodeIgniter\CodeIgniter->handleRequest(NULL, Object(Config\Cache), false)
#3 C:\xampp\htdocs\nishue_main\index.php(64): CodeIgniter\CodeIgniter->run()
#4 {main}
CRITICAL - 2021-06-13 03:14:09 --> Unable to save the image. Please make sure the image and file directory are writable.
#0 C:\xampp\htdocs\nishue_main\system\Images\Handlers\GDHandler.php(333): CodeIgniter\Images\Exceptions\ImageException::forSaveFailed()
#1 C:\xampp\htdocs\nishue_main\app\Libraries\UploadImage.php(13): CodeIgniter\Images\Handlers\GDHandler->save('upload/dashboar...')
#2 C:\xampp\htdocs\nishue_main\app\Modules\System_user\Controllers\Admin\Admin.php(151): App\Libraries\UploadImage->Image(Object(CodeIgniter\HTTP\Files\UploadedFile), 'upload/dashboar...', '/', 100, 100)
#3 C:\xampp\htdocs\nishue_main\system\CodeIgniter.php(926): App\Modules\System_user\Controllers\Admin\Admin->edit_profile()
#4 C:\xampp\htdocs\nishue_main\system\CodeIgniter.php(412): CodeIgniter\CodeIgniter->runController(Object(App\Modules\System_user\Controllers\Admin\Admin))
#5 C:\xampp\htdocs\nishue_main\system\CodeIgniter.php(320): CodeIgniter\CodeIgniter->handleRequest(NULL, Object(Config\Cache), false)
#6 C:\xampp\htdocs\nishue_main\index.php(64): CodeIgniter\CodeIgniter->run()
#7 {main}
CRITICAL - 2021-06-13 03:36:33 --> Class 'App\Modules\Auth\Controllers\BaseController' not found
#0 C:\xampp\htdocs\nishue_main\system\Autoloader\Autoloader.php(365): require_once()
#1 C:\xampp\htdocs\nishue_main\system\Autoloader\Autoloader.php(296): CodeIgniter\Autoloader\Autoloader->requireFile('C:\\xampp\\htdocs...')
#2 C:\xampp\htdocs\nishue_main\system\Autoloader\Autoloader.php(258): CodeIgniter\Autoloader\Autoloader->loadInNamespace('App\\Modules\\Aut...')
#3 [internal function]: CodeIgniter\Autoloader\Autoloader->loadClass('App\\Modules\\Aut...')
#4 [internal function]: spl_autoload_call('App\\Modules\\Aut...')
#5 C:\xampp\htdocs\nishue_main\system\CodeIgniter.php(877): class_exists('\\App\\Modules\\Au...', true)
#6 C:\xampp\htdocs\nishue_main\system\CodeIgniter.php(402): CodeIgniter\CodeIgniter->startController()
#7 C:\xampp\htdocs\nishue_main\system\CodeIgniter.php(320): CodeIgniter\CodeIgniter->handleRequest(NULL, Object(Config\Cache), false)
#8 C:\xampp\htdocs\nishue_main\index.php(64): CodeIgniter\CodeIgniter->run()
#9 {main}
CRITICAL - 2021-06-13 03:36:33 --> Class 'App\Modules\Auth\Controllers\BaseController' not found
#0 C:\xampp\htdocs\nishue_main\system\Autoloader\Autoloader.php(365): require_once()
#1 C:\xampp\htdocs\nishue_main\system\Autoloader\Autoloader.php(296): CodeIgniter\Autoloader\Autoloader->requireFile('C:\\xampp\\htdocs...')
#2 C:\xampp\htdocs\nishue_main\system\Autoloader\Autoloader.php(258): CodeIgniter\Autoloader\Autoloader->loadInNamespace('App\\Modules\\Aut...')
#3 [internal function]: CodeIgniter\Autoloader\Autoloader->loadClass('App\\Modules\\Aut...')
#4 [internal function]: spl_autoload_call('App\\Modules\\Aut...')
#5 C:\xampp\htdocs\nishue_main\system\CodeIgniter.php(877): class_exists('\\App\\Modules\\Au...', true)
#6 C:\xampp\htdocs\nishue_main\system\CodeIgniter.php(402): CodeIgniter\CodeIgniter->startController()
#7 C:\xampp\htdocs\nishue_main\system\CodeIgniter.php(320): CodeIgniter\CodeIgniter->handleRequest(NULL, Object(Config\Cache), false)
#8 C:\xampp\htdocs\nishue_main\index.php(64): CodeIgniter\CodeIgniter->run()
#9 {main}
CRITICAL - 2021-06-13 03:36:59 --> Class 'App\Modules\Auth\Controllers\BaseController' not found
#0 C:\xampp\htdocs\nishue_main\system\Autoloader\Autoloader.php(365): require_once()
#1 C:\xampp\htdocs\nishue_main\system\Autoloader\Autoloader.php(296): CodeIgniter\Autoloader\Autoloader->requireFile('C:\\xampp\\htdocs...')
#2 C:\xampp\htdocs\nishue_main\system\Autoloader\Autoloader.php(258): CodeIgniter\Autoloader\Autoloader->loadInNamespace('App\\Modules\\Aut...')
#3 [internal function]: CodeIgniter\Autoloader\Autoloader->loadClass('App\\Modules\\Aut...')
#4 [internal function]: spl_autoload_call('App\\Modules\\Aut...')
#5 C:\xampp\htdocs\nishue_main\system\CodeIgniter.php(877): class_exists('\\App\\Modules\\Au...', true)
#6 C:\xampp\htdocs\nishue_main\system\CodeIgniter.php(402): CodeIgniter\CodeIgniter->startController()
#7 C:\xampp\htdocs\nishue_main\system\CodeIgniter.php(320): CodeIgniter\CodeIgniter->handleRequest(NULL, Object(Config\Cache), false)
#8 C:\xampp\htdocs\nishue_main\index.php(64): CodeIgniter\CodeIgniter->run()
#9 {main}
CRITICAL - 2021-06-13 04:36:58 --> Call to undefined function lan()
#0 C:\xampp\htdocs\nishue_main\system\View\View.php(246): include()
#1 C:\xampp\htdocs\nishue_main\system\Common.php(1119): CodeIgniter\View\View->render('App\\Modules\\Aut...', Array, true)
#2 C:\xampp\htdocs\nishue_main\app\Libraries\Template.php(56): view('App\\Modules\\Aut...', Array)
#3 C:\xampp\htdocs\nishue_main\app\Modules\Auth\Controllers\Customer\User_dashboard.php(24): App\Libraries\Template->customer_layout(Array)
#4 C:\xampp\htdocs\nishue_main\system\CodeIgniter.php(926): App\Modules\Auth\Controllers\Customer\User_dashboard->index()
#5 C:\xampp\htdocs\nishue_main\system\CodeIgniter.php(412): CodeIgniter\CodeIgniter->runController(Object(App\Modules\Auth\Controllers\Customer\User_dashboard))
#6 C:\xampp\htdocs\nishue_main\system\CodeIgniter.php(320): CodeIgniter\CodeIgniter->handleRequest(NULL, Object(Config\Cache), false)
#7 C:\xampp\htdocs\nishue_main\index.php(64): CodeIgniter\CodeIgniter->run()
#8 {main}
CRITICAL - 2021-06-13 04:37:23 --> Call to undefined function lan()
#0 C:\xampp\htdocs\nishue_main\system\View\View.php(246): include()
#1 C:\xampp\htdocs\nishue_main\system\Common.php(1119): CodeIgniter\View\View->render('App\\Modules\\Aut...', Array, true)
#2 C:\xampp\htdocs\nishue_main\app\Libraries\Template.php(56): view('App\\Modules\\Aut...', Array)
#3 C:\xampp\htdocs\nishue_main\app\Modules\Auth\Controllers\Customer\User_dashboard.php(24): App\Libraries\Template->customer_layout(Array)
#4 C:\xampp\htdocs\nishue_main\system\CodeIgniter.php(926): App\Modules\Auth\Controllers\Customer\User_dashboard->index()
#5 C:\xampp\htdocs\nishue_main\system\CodeIgniter.php(412): CodeIgniter\CodeIgniter->runController(Object(App\Modules\Auth\Controllers\Customer\User_dashboard))
#6 C:\xampp\htdocs\nishue_main\system\CodeIgniter.php(320): CodeIgniter\CodeIgniter->handleRequest(NULL, Object(Config\Cache), false)
#7 C:\xampp\htdocs\nishue_main\index.php(64): CodeIgniter\CodeIgniter->run()
#8 {main}
CRITICAL - 2021-06-13 05:18:09 --> Call to undefined function lan()
#0 C:\xampp\htdocs\nishue_main\system\View\View.php(246): include()
#1 C:\xampp\htdocs\nishue_main\system\Common.php(1119): CodeIgniter\View\View->render('customer/header', Array, true)
#2 C:\xampp\htdocs\nishue_main\app\Libraries\Template.php(53): view('customer/header', Array)
#3 C:\xampp\htdocs\nishue_main\app\Modules\Account\Controllers\Customer\Commission.php(29): App\Libraries\Template->customer_layout(Array)
#4 C:\xampp\htdocs\nishue_main\system\CodeIgniter.php(926): App\Modules\Account\Controllers\Customer\Commission->my_payout()
#5 C:\xampp\htdocs\nishue_main\system\CodeIgniter.php(412): CodeIgniter\CodeIgniter->runController(Object(App\Modules\Account\Controllers\Customer\Commission))
#6 C:\xampp\htdocs\nishue_main\system\CodeIgniter.php(320): CodeIgniter\CodeIgniter->handleRequest(NULL, Object(Config\Cache), false)
#7 C:\xampp\htdocs\nishue_main\index.php(64): CodeIgniter\CodeIgniter->run()
#8 {main}
